<?xml version="1.0" encoding="UTF-8"?>
<!-- Generated by org.testng.reporters.JUnitReportReporter -->
<testsuite skipped="0" hostname="WelcomeHome" name="testtest.Prog" tests="1" failures="0" timestamp="14 Feb 2020 16:04:40 GMT" time="0.058" errors="0">
  <testcase name="mainl" time="0.058" classname="testtest.Prog"/>
</testsuite> <!-- testtest.Prog -->
